<?xml version="1.0" encoding="UTF-8"?>
<!-- Generated by org.testng.reporters.JUnitReportReporter -->
<testsuite skipped="0" hostname="Faisal" name="automationCases.Scheduler" tests="1" failures="0" timestamp="2022-05-24T19:19:24 PKT" time="52.735" errors="0">
  <testcase name="FWA_Scheduler_001" time="52.735" classname="automationCases.Scheduler"/>
  <system-out/>
</testsuite> <!-- automationCases.Scheduler -->
