<?xml version="1.0" encoding="UTF-8"?>
<!-- Generated by org.testng.reporters.JUnitReportReporter -->
<testsuite hostname="aaqaapp01-vm" failures="0" tests="1" name="automationCases.QueryBuilder" time="85.339" errors="0" timestamp="2022-08-23T07:10:43 UTC" skipped="0">
  <testcase classname="automationCases.QueryBuilder" name="FWA_QueryBuilder_004" time="85.339"/>
  <system-out/>
</testsuite> <!-- automationCases.QueryBuilder -->
