<?xml version="1.0" encoding="UTF-8"?>
<!-- Generated by org.testng.reporters.JUnitReportReporter -->
<testsuite hostname="AA-CLM-25" failures="0" tests="1" name="automationCases.UserManagement" time="92.731" errors="0" timestamp="2022-09-01T13:41:04 PKT" skipped="0">
  <testcase classname="automationCases.UserManagement" name="FWA_UserManagement_003" time="92.731"/>
  <system-out/>
</testsuite> <!-- automationCases.UserManagement -->
