<?xml version="1.0" encoding="UTF-8"?>
<!-- Generated by org.testng.reporters.JUnitReportReporter -->
<testsuite hostname="AA-CLM-22" failures="0" tests="2" name="automationCases.DataSource" time="102.291" errors="0" timestamp="2022-07-15T19:21:17 PKT" skipped="0">
  <testcase classname="automationCases.DataSource" name="FWA_DataSource_004" time="45.242"/>
  <system-out/>
  <testcase classname="automationCases.DataSource" name="FWA_DataSource_003" time="57.049"/>
  <system-out/>
</testsuite> <!-- automationCases.DataSource -->
