<?xml version="1.0" encoding="UTF-8"?>
<!-- Generated by org.testng.reporters.JUnitReportReporter -->
<testsuite skipped="2" hostname="Faisal" name="automationCases.Dashboard" tests="3" failures="0" timestamp="2022-05-09T16:26:58 PKT" time="189.128" errors="0">
  <testcase name="FWA_Dashboard_001" time="36.172" classname="automationCases.Dashboard">
    <skipped/>
  </testcase> <!-- FWA_Dashboard_001 -->
  <system-out/>
  <testcase name="FWA_Dashboard_001" time="71.270" classname="automationCases.Dashboard">
    <skipped/>
  </testcase> <!-- FWA_Dashboard_001 -->
  <system-out/>
  <testcase name="FWA_Dashboard_001" time="81.686" classname="automationCases.Dashboard"/>
  <system-out/>
</testsuite> <!-- automationCases.Dashboard -->
