<?xml version="1.0" encoding="UTF-8"?>
<!-- Generated by org.testng.reporters.JUnitReportReporter -->
<testsuite skipped="0" hostname="Faisal" name="automationCases.Projects" tests="2" failures="0" timestamp="2022-05-09T17:22:32 PKT" time="80.985" errors="0">
  <testcase name="FWA_Project_001" time="52.669" classname="automationCases.Projects"/>
  <system-out/>
  <testcase name="FWA_Project_003" time="28.316" classname="automationCases.Projects"/>
  <system-out/>
</testsuite> <!-- automationCases.Projects -->
