<?xml version="1.0" encoding="UTF-8"?>
<!-- Generated by org.testng.reporters.JUnitReportReporter -->
<testsuite skipped="0" hostname="Faisal" name="automationCases.Dashboard" tests="1" failures="0" timestamp="2022-05-09T17:22:32 PKT" time="81.298" errors="0">
  <testcase name="FWA_Dashboard_001" time="81.298" classname="automationCases.Dashboard"/>
  <system-out/>
</testsuite> <!-- automationCases.Dashboard -->
