<?xml version="1.0" encoding="UTF-8"?>
<!-- Generated by org.testng.reporters.JUnitReportReporter -->
<testsuite hostname="aaqaapp01-vm" failures="0" tests="4" name="automationCases.CreateInitiative" time="962.399" errors="0" timestamp="2022-08-24T12:36:11 UTC" skipped="0">
  <testcase classname="automationCases.CreateInitiative" name="FWA_CreateInitiative_001" time="43.598"/>
  <system-out/>
  <testcase classname="automationCases.CreateInitiative" name="FWA_CreateInitiative_002" time="109.093"/>
  <system-out/>
  <testcase classname="automationCases.CreateInitiative" name="FWA_CreateInitiative_003" time="742.530"/>
  <system-out/>
  <testcase classname="automationCases.CreateInitiative" name="FWA_CreateInitiative_004" time="67.178"/>
  <system-out/>
</testsuite> <!-- automationCases.CreateInitiative -->
