<?xml version="1.0" encoding="UTF-8"?>
<!-- Generated by org.testng.reporters.JUnitReportReporter -->
<testsuite skipped="0" hostname="Faisal" name="automationCases.Ranking" tests="1" failures="0" timestamp="2022-06-09T17:41:04 PKT" time="38.909" errors="0">
  <testcase name="FWA_Ranking_001" time="38.909" classname="automationCases.Ranking"/>
  <system-out/>
</testsuite> <!-- automationCases.Ranking -->
