<?xml version="1.0" encoding="UTF-8"?>
<!-- Generated by org.testng.reporters.JUnitReportReporter -->
<testsuite hostname="AA-CLM-25" failures="0" tests="5" name="automationCases.RuleLibrary" time="563.449" errors="0" timestamp="2022-08-12T16:15:58 PKT" skipped="0">
  <testcase classname="automationCases.RuleLibrary" name="FWA_RuleLibrary_001" time="160.828"/>
  <system-out/>
  <testcase classname="automationCases.RuleLibrary" name="FWA_RuleLibrary_002" time="120.967"/>
  <system-out/>
  <testcase classname="automationCases.RuleLibrary" name="FWA_RuleLibrary_003" time="118.332"/>
  <system-out/>
  <testcase classname="automationCases.RuleLibrary" name="FWA_RuleLibrary_004" time="94.210"/>
  <system-out/>
  <testcase classname="automationCases.RuleLibrary" name="FWA_RuleLibrary_005" time="69.112"/>
  <system-out/>
</testsuite> <!-- automationCases.RuleLibrary -->
