<?xml version="1.0" encoding="UTF-8"?>
<!-- Generated by org.testng.reporters.JUnitReportReporter -->
<testsuite skipped="0" hostname="Faisal" name="automationCases.Dashboard" tests="1" failures="0" timestamp="2022-06-07T13:40:24 PKT" time="105.415" errors="0">
  <testcase name="FWA_Dashboard_001" time="105.415" classname="automationCases.Dashboard"/>
  <system-out/>
</testsuite> <!-- automationCases.Dashboard -->
