<?xml version="1.0" encoding="UTF-8"?>
<!-- Generated by org.testng.reporters.JUnitReportReporter -->
<testsuite hostname="AA-CLM-22" failures="0" tests="1" name="automationCases.Models" time="43.392" errors="0" timestamp="2022-07-25T12:49:48 PKT" skipped="0">
  <testcase classname="automationCases.Models" name="FWA_Model_001" time="43.392"/>
  <system-out/>
</testsuite> <!-- automationCases.Models -->
