<?xml version="1.0" encoding="UTF-8"?>
<!-- Generated by org.testng.reporters.JUnitReportReporter -->
<testsuite hostname="AA-CLM-22" failures="0" tests="1" name="automationCases.Charting" time="92.583" errors="0" timestamp="2022-06-28T17:37:02 PKT" skipped="0">
  <testcase classname="automationCases.Charting" name="FWA_CreateTestData_001" time="92.583"/>
  <system-out/>
</testsuite> <!-- automationCases.Charting -->
