<?xml version="1.0" encoding="UTF-8"?>
<!-- Generated by org.testng.reporters.JUnitReportReporter -->
<testsuite skipped="1" hostname="Faisal" name="automationCases.Security" tests="1" failures="0" timestamp="2022-05-31T13:47:11 PKT" time="0.000" errors="0">
  <testcase name="FWA_Security_001" time="0.000" classname="automationCases.Security">
    <skipped/>
  </testcase> <!-- FWA_Security_001 -->
  <system-out/>
</testsuite> <!-- automationCases.Security -->
