<?xml version="1.0" encoding="UTF-8"?>
<!-- Generated by org.testng.reporters.JUnitReportReporter -->
<testsuite hostname="AA-CLM-22" failures="0" tests="2" name="automationCases.Projects" time="82.455" errors="0" timestamp="2022-07-06T19:57:20 PKT" skipped="0">
  <testcase classname="automationCases.Projects" name="FWA_Project_001" time="58.404"/>
  <system-out/>
  <testcase classname="automationCases.Projects" name="FWA_Project_003" time="24.051"/>
  <system-out/>
</testsuite> <!-- automationCases.Projects -->
