<?xml version="1.0" encoding="UTF-8"?>
<!-- Generated by org.testng.reporters.JUnitReportReporter -->
<testsuite skipped="0" hostname="Faisal" name="automationCases.Projects" tests="2" failures="0" timestamp="2022-06-13T19:02:03 PKT" time="103.293" errors="0">
  <testcase name="FWA_Project_006" time="39.114" classname="automationCases.Projects"/>
  <system-out/>
  <testcase name="FWA_Project_007" time="64.179" classname="automationCases.Projects"/>
  <system-out/>
</testsuite> <!-- automationCases.Projects -->
