<?xml version="1.0" encoding="UTF-8"?>
<!-- Generated by org.testng.reporters.JUnitReportReporter -->
<testsuite skipped="0" hostname="Faisal" name="automationCases.Security" tests="1" failures="0" timestamp="2022-05-24T19:19:24 PKT" time="44.475" errors="0">
  <testcase name="FWA_Security_001" time="44.475" classname="automationCases.Security"/>
  <system-out/>
</testsuite> <!-- automationCases.Security -->
