<?xml version="1.0" encoding="UTF-8"?>
<!-- Generated by org.testng.reporters.JUnitReportReporter -->
<testsuite hostname="AA-CLM-22" failures="0" tests="1" name="automationCases.RuleLibrary" time="72.241" errors="0" timestamp="2022-07-06T19:57:20 PKT" skipped="0">
  <testcase classname="automationCases.RuleLibrary" name="FWA_RuleLibrary_001" time="72.241"/>
  <system-out/>
</testsuite> <!-- automationCases.RuleLibrary -->
