<?xml version="1.0" encoding="UTF-8"?>
<!-- Generated by org.testng.reporters.JUnitReportReporter -->
<testsuite skipped="1" hostname="Faisal" name="automationCases.DataSource" tests="2" failures="0" timestamp="2022-05-09T17:22:32 PKT" time="120.599" errors="0">
  <testcase name="FWA_DataSource_001" time="63.705" classname="automationCases.DataSource"/>
  <system-out/>
  <testcase name="FWA_DataSource_001" time="56.894" classname="automationCases.DataSource">
    <skipped/>
  </testcase> <!-- FWA_DataSource_001 -->
  <system-out/>
</testsuite> <!-- automationCases.DataSource -->
