<?xml version="1.0" encoding="UTF-8"?>
<!-- Generated by org.testng.reporters.JUnitReportReporter -->
<testsuite skipped="0" hostname="Faisal" name="automationCases.Models" tests="1" failures="0" timestamp="2022-04-29T05:46:33 PKT" time="36.275" errors="0">
  <testcase name="FWA_Model_003" time="36.275" classname="automationCases.Models"/>
  <system-out/>
</testsuite> <!-- automationCases.Models -->
