<?xml version="1.0" encoding="UTF-8"?>
<!-- Generated by org.testng.reporters.JUnitReportReporter -->
<testsuite skipped="0" hostname="Faisal" name="automationCases.Projects" tests="2" failures="0" timestamp="2022-04-29T05:46:33 PKT" time="122.507" errors="0">
  <testcase name="FWA_Project_001" time="80.289" classname="automationCases.Projects"/>
  <system-out/>
  <testcase name="FWA_Project_003" time="42.218" classname="automationCases.Projects"/>
  <system-out/>
</testsuite> <!-- automationCases.Projects -->
