<?xml version="1.0" encoding="UTF-8"?>
<!-- Generated by org.testng.reporters.JUnitReportReporter -->
<testsuite hostname="AA-CLM-25" failures="0" tests="8" name="automationCases.DataCleansing" time="530.920" errors="0" timestamp="2022-08-01T17:02:42 PKT" skipped="0">
  <testcase classname="automationCases.DataCleansing" name="FWA_DataCleansing_001" time="41.888"/>
  <system-out/>
  <testcase classname="automationCases.DataCleansing" name="FWA_DataCleansing_002" time="53.706"/>
  <system-out/>
  <testcase classname="automationCases.DataCleansing" name="FWA_DataCleansing_003" time="31.986"/>
  <system-out/>
  <testcase classname="automationCases.DataCleansing" name="FWA_DataCleansing_004" time="25.702"/>
  <system-out/>
  <testcase classname="automationCases.DataCleansing" name="FWA_DataCleansing_005" time="61.822"/>
  <system-out/>
  <testcase classname="automationCases.DataCleansing" name="FWA_DataCleansing_006" time="89.176"/>
  <system-out/>
  <testcase classname="automationCases.DataCleansing" name="FWA_DataCleansing_007" time="66.113"/>
  <system-out/>
  <testcase classname="automationCases.DataCleansing" name="FWA_DataCleansing_008" time="160.527"/>
  <system-out/>
</testsuite> <!-- automationCases.DataCleansing -->
