<?xml version="1.0" encoding="UTF-8"?>
<!-- Generated by org.testng.reporters.JUnitReportReporter -->
<testsuite skipped="0" hostname="Faisal" name="automationCases.Projects" tests="1" failures="0" timestamp="2022-06-15T19:01:20 PKT" time="47.175" errors="0">
  <testcase name="FWA_Project_006" time="47.175" classname="automationCases.Projects"/>
  <system-out/>
</testsuite> <!-- automationCases.Projects -->
