<?xml version="1.0" encoding="UTF-8"?>
<!-- Generated by org.testng.reporters.JUnitReportReporter -->
<testsuite hostname="AA-CLM-25" failures="0" tests="1" name="automationCases.QueryBuilder" time="714.255" errors="0" timestamp="2022-08-30T18:13:15 PKT" skipped="0">
  <testcase classname="automationCases.QueryBuilder" name="FWA_QueryBuilder_003" time="714.255"/>
  <system-out/>
</testsuite> <!-- automationCases.QueryBuilder -->
