<?xml version="1.0" encoding="UTF-8"?>
<!-- Generated by org.testng.reporters.JUnitReportReporter -->
<testsuite skipped="0" hostname="Faisal" name="project.NewTest" tests="1" failures="0" timestamp="2022-03-01T15:30:31 PKT" time="13.199" errors="0">
  <testcase name="extentReportsDemo" time="13.199" classname="project.NewTest"/>
  <system-out/>
</testsuite> <!-- project.NewTest -->
