<?xml version="1.0" encoding="UTF-8"?>
<!-- Generated by org.testng.reporters.JUnitReportReporter -->
<testsuite skipped="0" hostname="Faisal" name="automationCases.Projects" tests="2" failures="0" timestamp="2022-06-14T17:52:10 PKT" time="175.880" errors="0">
  <testcase name="FWA_Project_008" time="63.992" classname="automationCases.Projects"/>
  <system-out/>
  <testcase name="FWA_Project_009" time="111.888" classname="automationCases.Projects"/>
  <system-out/>
</testsuite> <!-- automationCases.Projects -->
