<?xml version="1.0" encoding="UTF-8"?>
<!-- Generated by org.testng.reporters.JUnitReportReporter -->
<testsuite skipped="0" hostname="Faisal" name="automationCases.CreateTestData" tests="1" failures="0" timestamp="2022-03-16T13:16:44 PKT" time="36.624" errors="0">
  <testcase name="FWA_CreateTestData_004" time="36.624" classname="automationCases.CreateTestData"/>
  <system-out/>
</testsuite> <!-- automationCases.CreateTestData -->
