<?xml version="1.0" encoding="UTF-8"?>
<!-- Generated by org.testng.reporters.JUnitReportReporter -->
<testsuite hostname="AA-CLM-22" failures="0" tests="1" name="automationCases.DataSource" time="112.385" errors="0" timestamp="2022-07-27T18:28:52 PKT" skipped="0">
  <testcase classname="automationCases.DataSource" name="FWA_DataSource_006" time="112.385"/>
  <system-out/>
</testsuite> <!-- automationCases.DataSource -->
