<?xml version="1.0" encoding="UTF-8"?>
<!-- Generated by org.testng.reporters.JUnitReportReporter -->
<testsuite skipped="0" hostname="Faisal" name="automationCases.Charting" tests="1" failures="0" timestamp="2022-05-09T17:22:32 PKT" time="39.517" errors="0">
  <testcase name="FWA_CreateTestData_001" time="39.517" classname="automationCases.Charting"/>
  <system-out/>
</testsuite> <!-- automationCases.Charting -->
