<?xml version="1.0" encoding="UTF-8"?>
<!-- Generated by org.testng.reporters.JUnitReportReporter -->
<testsuite skipped="0" hostname="Faisal" name="automationCases.CreateTestData" tests="5" failures="0" timestamp="2022-03-18T11:47:40 PKT" time="174.844" errors="0">
  <testcase name="FWA_CreateTestData_001" time="68.289" classname="automationCases.CreateTestData"/>
  <system-out/>
  <testcase name="FWA_CreateTestData_002" time="27.821" classname="automationCases.CreateTestData"/>
  <system-out/>
  <testcase name="FWA_CreateTestData_003" time="27.055" classname="automationCases.CreateTestData"/>
  <system-out/>
  <testcase name="FWA_CreateTestData_004" time="31.689" classname="automationCases.CreateTestData"/>
  <system-out/>
  <testcase name="FWA_CreateTestData_005" time="19.990" classname="automationCases.CreateTestData"/>
  <system-out/>
</testsuite> <!-- automationCases.CreateTestData -->
