<?xml version="1.0" encoding="UTF-8"?>
<!-- Generated by org.testng.reporters.JUnitReportReporter -->
<testsuite skipped="0" hostname="Faisal" name="automationCases.Projects" tests="2" failures="0" timestamp="2022-06-23T18:17:22 PKT" time="94.412" errors="0">
  <testcase name="FWA_Project_006" time="53.496" classname="automationCases.Projects"/>
  <system-out/>
  <testcase name="FWA_Project_007" time="40.916" classname="automationCases.Projects"/>
  <system-out/>
</testsuite> <!-- automationCases.Projects -->
