<?xml version="1.0" encoding="UTF-8"?>
<!-- Generated by org.testng.reporters.JUnitReportReporter -->
<testsuite skipped="0" hostname="Faisal" name="automationCases.QueryBuilder" tests="1" failures="0" timestamp="2022-05-10T14:20:22 PKT" time="57.251" errors="0">
  <testcase name="FWA_DataSource_001" time="57.251" classname="automationCases.QueryBuilder"/>
  <system-out/>
</testsuite> <!-- automationCases.QueryBuilder -->
