<?xml version="1.0" encoding="UTF-8"?>
<!-- Generated by org.testng.reporters.JUnitReportReporter -->
<testsuite hostname="AA-CLM-22" failures="0" tests="1" name="automationCases.Ranking" time="60.031" errors="0" timestamp="2022-08-19T17:51:28 PKT" skipped="0">
  <testcase classname="automationCases.Ranking" name="FWA_Ranking_001" time="60.031"/>
  <system-out/>
</testsuite> <!-- automationCases.Ranking -->
