<?xml version="1.0" encoding="UTF-8"?>
<!-- Generated by org.testng.reporters.JUnitReportReporter -->
<testsuite skipped="0" hostname="Faisal" name="automationCases.Models" tests="1" failures="0" timestamp="2022-06-16T18:39:32 PKT" time="40.719" errors="0">
  <testcase name="FWA_Model_003" time="40.719" classname="automationCases.Models"/>
  <system-out/>
</testsuite> <!-- automationCases.Models -->
