<?xml version="1.0" encoding="UTF-8"?>
<!-- Generated by org.testng.reporters.JUnitReportReporter -->
<testsuite skipped="1" hostname="Faisal" name="automationCases.Models" tests="1" failures="0" timestamp="2022-05-09T18:59:07 PKT" time="0.000" errors="0">
  <testcase name="FWA_Model_003" time="0.000" classname="automationCases.Models">
    <skipped/>
  </testcase> <!-- FWA_Model_003 -->
  <system-out/>
</testsuite> <!-- automationCases.Models -->
