<?xml version="1.0" encoding="UTF-8"?>
<!-- Generated by org.testng.reporters.JUnitReportReporter -->
<testsuite hostname="AA-CLM-25" failures="0" tests="1" name="automationCases.RuleLibrary" time="26.562" errors="0" timestamp="2022-08-11T12:40:18 PKT" skipped="0">
  <testcase classname="automationCases.RuleLibrary" name="FWA_RuleLibrary_001" time="26.562"/>
  <system-out/>
</testsuite> <!-- automationCases.RuleLibrary -->
