<?xml version="1.0" encoding="UTF-8"?>
<!-- Generated by org.testng.reporters.JUnitReportReporter -->
<testsuite skipped="1" hostname="Faisal" name="automationCases.Scheduler" tests="1" failures="0" timestamp="2022-05-09T18:59:07 PKT" time="0.000" errors="0">
  <testcase name="FWA_Scheduler_001" time="0.000" classname="automationCases.Scheduler">
    <skipped/>
  </testcase> <!-- FWA_Scheduler_001 -->
  <system-out/>
</testsuite> <!-- automationCases.Scheduler -->
