<?xml version="1.0" encoding="UTF-8"?>
<!-- Generated by org.testng.reporters.JUnitReportReporter -->
<testsuite skipped="1" hostname="Faisal" name="automationCases.Dashboard" tests="2" failures="0" timestamp="2022-05-24T19:19:24 PKT" time="141.865" errors="0">
  <testcase name="FWA_Dashboard_001" time="58.285" classname="automationCases.Dashboard">
    <skipped/>
  </testcase> <!-- FWA_Dashboard_001 -->
  <system-out/>
  <testcase name="FWA_Dashboard_001" time="83.580" classname="automationCases.Dashboard"/>
  <system-out/>
</testsuite> <!-- automationCases.Dashboard -->
