<?xml version="1.0" encoding="UTF-8"?>
<!-- Generated by org.testng.reporters.JUnitReportReporter -->
<testsuite skipped="0" hostname="Faisal" name="automationCases.RuleLibrary" tests="1" failures="0" timestamp="2022-05-09T16:26:58 PKT" time="69.254" errors="0">
  <testcase name="FWA_RuleLibrary_001" time="69.254" classname="automationCases.RuleLibrary"/>
  <system-out/>
</testsuite> <!-- automationCases.RuleLibrary -->
