<?xml version="1.0" encoding="UTF-8"?>
<!-- Generated by org.testng.reporters.JUnitReportReporter -->
<testsuite skipped="0" hostname="Faisal" name="automationCases.Ranking" tests="1" failures="0" timestamp="2022-06-02T14:55:12 PKT" time="36.918" errors="0">
  <testcase name="FWA_Ranking_001" time="36.918" classname="automationCases.Ranking"/>
  <system-out/>
</testsuite> <!-- automationCases.Ranking -->
