<?xml version="1.0" encoding="UTF-8"?>
<!-- Generated by org.testng.reporters.JUnitReportReporter -->
<testsuite skipped="1" hostname="Faisal" name="automationCases.QueryBuilder" tests="2" failures="0" timestamp="2022-06-03T20:03:40 PKT" time="89.190" errors="0">
  <testcase name="FWA_DataSource_001" time="37.182" classname="automationCases.QueryBuilder">
    <skipped/>
  </testcase> <!-- FWA_DataSource_001 -->
  <system-out/>
  <testcase name="FWA_DataSource_001" time="52.008" classname="automationCases.QueryBuilder"/>
  <system-out/>
</testsuite> <!-- automationCases.QueryBuilder -->
