<?xml version="1.0" encoding="UTF-8"?>
<!-- Generated by org.testng.reporters.JUnitReportReporter -->
<testsuite hostname="AA-CLM-25" failures="0" tests="8" name="automationCases.DataCleansing" time="487.519" errors="0" timestamp="2022-07-27T18:26:15 PKT" skipped="0">
  <testcase classname="automationCases.DataCleansing" name="FWA_DataCleansing_001" time="32.850"/>
  <system-out/>
  <testcase classname="automationCases.DataCleansing" name="FWA_DataCleansing_002" time="49.515"/>
  <system-out/>
  <testcase classname="automationCases.DataCleansing" name="FWA_DataCleansing_003" time="24.827"/>
  <system-out/>
  <testcase classname="automationCases.DataCleansing" name="FWA_DataCleansing_004" time="21.667"/>
  <system-out/>
  <testcase classname="automationCases.DataCleansing" name="FWA_DataCleansing_005" time="51.077"/>
  <system-out/>
  <testcase classname="automationCases.DataCleansing" name="FWA_DataCleansing_006" time="80.515"/>
  <system-out/>
  <testcase classname="automationCases.DataCleansing" name="FWA_DataCleansing_007" time="60.837"/>
  <system-out/>
  <testcase classname="automationCases.DataCleansing" name="FWA_DataCleansing_008" time="166.231"/>
  <system-out/>
</testsuite> <!-- automationCases.DataCleansing -->
