<?xml version="1.0" encoding="UTF-8"?>
<!-- Generated by org.testng.reporters.JUnitReportReporter -->
<testsuite skipped="0" hostname="Faisal" name="commonCases.Login" tests="1" failures="0" timestamp="2022-03-02T21:03:27 PKT" time="17.448" errors="0">
  <testcase name="LoginTest" time="17.448" classname="commonCases.Login"/>
  <system-out/>
</testsuite> <!-- commonCases.Login -->
