<?xml version="1.0" encoding="UTF-8"?>
<!-- Generated by org.testng.reporters.JUnitReportReporter -->
<testsuite skipped="0" hostname="Faisal" name="automationCases.Projects" tests="1" failures="0" timestamp="2022-06-10T19:08:05 PKT" time="60.347" errors="0">
  <testcase name="FWA_Project_007" time="60.347" classname="automationCases.Projects"/>
  <system-out/>
</testsuite> <!-- automationCases.Projects -->
