<?xml version="1.0" encoding="UTF-8"?>
<!-- Generated by org.testng.reporters.JUnitReportReporter -->
<testsuite hostname="AA-CLM-22" failures="0" tests="1" name="automationCases.Charting" time="93.265" errors="0" timestamp="2022-07-06T19:57:20 PKT" skipped="0">
  <testcase classname="automationCases.Charting" name="FWA_Charting_001" time="93.265"/>
  <system-out/>
</testsuite> <!-- automationCases.Charting -->
