<?xml version="1.0" encoding="UTF-8"?>
<!-- Generated by org.testng.reporters.JUnitReportReporter -->
<testsuite skipped="0" hostname="Faisal" name="automationCases.Projects" tests="2" failures="0" timestamp="2022-05-10T14:20:22 PKT" time="88.053" errors="0">
  <testcase name="FWA_Project_001" time="57.231" classname="automationCases.Projects"/>
  <system-out/>
  <testcase name="FWA_Project_003" time="30.822" classname="automationCases.Projects"/>
  <system-out/>
</testsuite> <!-- automationCases.Projects -->
