<?xml version="1.0" encoding="UTF-8"?>
<!-- Generated by org.testng.reporters.JUnitReportReporter -->
<testsuite skipped="0" hostname="Faisal" name="project.Login" tests="1" failures="0" timestamp="2022-03-02T13:47:44 PKT" time="26.947" errors="0">
  <testcase name="extentReportsDemo" time="26.947" classname="project.Login"/>
  <system-out/>
</testsuite> <!-- project.Login -->
