<?xml version="1.0" encoding="UTF-8"?>
<!-- Generated by org.testng.reporters.JUnitReportReporter -->
<testsuite hostname="AA-CLM-25" failures="0" tests="5" name="automationCases.RuleLibrary" time="489.438" errors="0" timestamp="2022-08-10T16:40:00 PKT" skipped="0">
  <testcase classname="automationCases.RuleLibrary" name="FWA_RuleLibrary_001" time="144.130"/>
  <system-out/>
  <testcase classname="automationCases.RuleLibrary" name="FWA_RuleLibrary_002" time="98.310"/>
  <system-out/>
  <testcase classname="automationCases.RuleLibrary" name="FWA_RuleLibrary_003" time="103.338"/>
  <system-out/>
  <testcase classname="automationCases.RuleLibrary" name="FWA_RuleLibrary_005" time="60.068"/>
  <system-out/>
  <testcase classname="automationCases.RuleLibrary" name="FWA_RuleLibrary_004" time="83.592"/>
  <system-out/>
</testsuite> <!-- automationCases.RuleLibrary -->
