<?xml version="1.0" encoding="UTF-8"?>
<!-- Generated by org.testng.reporters.JUnitReportReporter -->
<testsuite skipped="0" hostname="Faisal" name="automationCases.DataCleansing" tests="1" failures="0" timestamp="2022-06-03T20:03:40 PKT" time="38.495" errors="0">
  <testcase name="FWA_DataSource_001" time="38.495" classname="automationCases.DataCleansing"/>
  <system-out/>
</testsuite> <!-- automationCases.DataCleansing -->
