<?xml version="1.0" encoding="UTF-8"?>
<!-- Generated by org.testng.reporters.JUnitReportReporter -->
<testsuite hostname="AA-CLM-25" failures="0" tests="1" name="automationCases.Ranking" time="121.243" errors="0" timestamp="2022-08-25T18:33:34 PKT" skipped="0">
  <testcase classname="automationCases.Ranking" name="FWA_Ranking_001" time="121.243"/>
  <system-out/>
</testsuite> <!-- automationCases.Ranking -->
