<?xml version="1.0" encoding="UTF-8"?>
<!-- Generated by org.testng.reporters.JUnitReportReporter -->
<testsuite skipped="0" hostname="Faisal" name="automationCases.Models" tests="1" failures="0" timestamp="2022-06-20T17:50:29 PKT" time="42.393" errors="0">
  <testcase name="FWA_Model_004" time="42.393" classname="automationCases.Models"/>
  <system-out/>
</testsuite> <!-- automationCases.Models -->
