<?xml version="1.0" encoding="UTF-8"?>
<!-- Generated by org.testng.reporters.JUnitReportReporter -->
<testsuite hostname="AA-CLM-25" failures="0" tests="1" name="automationCases.RuleLibrary" time="40.844" errors="0" timestamp="2022-08-10T15:51:08 PKT" skipped="0">
  <testcase classname="automationCases.RuleLibrary" name="FWA_RuleLibrary_001" time="40.844"/>
  <system-out/>
</testsuite> <!-- automationCases.RuleLibrary -->
