<?xml version="1.0" encoding="UTF-8"?>
<!-- Generated by org.testng.reporters.JUnitReportReporter -->
<testsuite skipped="2" hostname="Faisal" name="automationCases.Projects" tests="2" failures="0" timestamp="2022-05-31T13:47:11 PKT" time="0.000" errors="0">
  <testcase name="FWA_Project_001" time="0.000" classname="automationCases.Projects">
    <skipped/>
  </testcase> <!-- FWA_Project_001 -->
  <system-out/>
  <testcase name="FWA_Project_003" time="0.000" classname="automationCases.Projects">
    <skipped/>
  </testcase> <!-- FWA_Project_003 -->
  <system-out/>
</testsuite> <!-- automationCases.Projects -->
