<?xml version="1.0" encoding="UTF-8"?>
<!-- Generated by org.testng.reporters.JUnitReportReporter -->
<testsuite skipped="0" hostname="Faisal" name="automationCases.Dashboard" tests="1" failures="0" timestamp="2022-06-08T18:36:04 PKT" time="143.433" errors="0">
  <testcase name="FWA_Dashboard_001" time="143.433" classname="automationCases.Dashboard"/>
  <system-out/>
</testsuite> <!-- automationCases.Dashboard -->
