<?xml version="1.0" encoding="UTF-8"?>
<!-- Generated by org.testng.reporters.JUnitReportReporter -->
<testsuite hostname="AA-CLM-25" failures="0" tests="5" name="automationCases.RuleLibrary" time="469.394" errors="0" timestamp="2022-09-02T15:22:29 PKT" skipped="0">
  <testcase classname="automationCases.RuleLibrary" name="FWA_RuleLibrary_001" time="128.596"/>
  <system-out/>
  <testcase classname="automationCases.RuleLibrary" name="FWA_RuleLibrary_002" time="101.834"/>
  <system-out/>
  <testcase classname="automationCases.RuleLibrary" name="FWA_RuleLibrary_003" time="104.867"/>
  <system-out/>
  <testcase classname="automationCases.RuleLibrary" name="FWA_RuleLibrary_004" time="70.439"/>
  <system-out/>
  <testcase classname="automationCases.RuleLibrary" name="FWA_RuleLibrary_005" time="63.658"/>
  <system-out/>
</testsuite> <!-- automationCases.RuleLibrary -->
