<?xml version="1.0" encoding="UTF-8"?>
<!-- Generated by org.testng.reporters.JUnitReportReporter -->
<testsuite skipped="0" hostname="Faisal" name="fwa_automation.aliviaanalytics.NewTest" tests="1" failures="0" timestamp="2022-03-01T15:08:54 PKT" time="5.026" errors="0">
  <testcase name="f" time="5.026" classname="fwa_automation.aliviaanalytics.NewTest"/>
  <system-out/>
</testsuite> <!-- fwa_automation.aliviaanalytics.NewTest -->
