<?xml version="1.0" encoding="UTF-8"?>
<!-- Generated by org.testng.reporters.JUnitReportReporter -->
<testsuite hostname="AA-CLM-25" failures="0" tests="1" name="automationCases.QueryBuilder" time="625.189" errors="0" timestamp="2022-09-02T15:11:08 PKT" skipped="0">
  <testcase classname="automationCases.QueryBuilder" name="FWA_QueryBuilder_003" time="625.189"/>
  <system-out/>
</testsuite> <!-- automationCases.QueryBuilder -->
