<?xml version="1.0" encoding="UTF-8"?>
<!-- Generated by org.testng.reporters.JUnitReportReporter -->
<testsuite skipped="0" hostname="Faisal" name="automationCases.DataCleansing" tests="1" failures="0" timestamp="2022-05-09T17:22:32 PKT" time="38.017" errors="0">
  <testcase name="FWA_DataSource_001" time="38.017" classname="automationCases.DataCleansing"/>
  <system-out/>
</testsuite> <!-- automationCases.DataCleansing -->
