<?xml version="1.0" encoding="UTF-8"?>
<!-- Generated by org.testng.reporters.JUnitReportReporter -->
<testsuite hostname="aaqaapp01-vm" failures="0" tests="1" name="automationCases.Scheduler" time="48.090" errors="0" timestamp="2022-08-23T07:13:39 UTC" skipped="0">
  <testcase classname="automationCases.Scheduler" name="FWA_Scheduler_002" time="48.090"/>
  <system-out/>
</testsuite> <!-- automationCases.Scheduler -->
