<?xml version="1.0" encoding="UTF-8"?>
<!-- Generated by org.testng.reporters.JUnitReportReporter -->
<testsuite skipped="0" hostname="Faisal" name="automationCases.RuleLibrary" tests="1" failures="0" timestamp="2022-06-02T14:55:12 PKT" time="70.427" errors="0">
  <testcase name="FWA_RuleLibrary_001" time="70.427" classname="automationCases.RuleLibrary"/>
  <system-out/>
</testsuite> <!-- automationCases.RuleLibrary -->
