<?xml version="1.0" encoding="UTF-8"?>
<!-- Generated by org.testng.reporters.JUnitReportReporter -->
<testsuite skipped="0" hostname="Faisal" name="automationCases.Scheduler" tests="1" failures="0" timestamp="2022-05-09T17:24:33 PKT" time="49.160" errors="0">
  <testcase name="FWA_Scheduler_001" time="49.160" classname="automationCases.Scheduler"/>
  <system-out/>
</testsuite> <!-- automationCases.Scheduler -->
