<?xml version="1.0" encoding="UTF-8"?>
<!-- Generated by org.testng.reporters.JUnitReportReporter -->
<testsuite skipped="0" hostname="Faisal" name="automationCases.Security" tests="1" failures="0" timestamp="2022-05-09T16:26:58 PKT" time="35.851" errors="0">
  <testcase name="FWA_Ranking_001" time="35.851" classname="automationCases.Security"/>
  <system-out/>
</testsuite> <!-- automationCases.Security -->
