<?xml version="1.0" encoding="UTF-8"?>
<!-- Generated by org.testng.reporters.JUnitReportReporter -->
<testsuite skipped="0" hostname="Faisal" name="automationCases.DataSource" tests="1" failures="0" timestamp="2022-03-29T17:50:34 PKT" time="73.311" errors="0">
  <testcase name="FWA_DataSource_006" time="73.311" classname="automationCases.DataSource"/>
  <system-out/>
</testsuite> <!-- automationCases.DataSource -->
