<?xml version="1.0" encoding="UTF-8"?>
<!-- Generated by org.testng.reporters.JUnitReportReporter -->
<testsuite skipped="0" hostname="Faisal" name="automationCases.Security" tests="1" failures="0" timestamp="2022-06-03T20:03:40 PKT" time="40.704" errors="0">
  <testcase name="FWA_Security_001" time="40.704" classname="automationCases.Security"/>
  <system-out/>
</testsuite> <!-- automationCases.Security -->
