<?xml version="1.0" encoding="UTF-8"?>
<!-- Generated by org.testng.reporters.JUnitReportReporter -->
<testsuite hostname="AA-CLM-25" failures="0" tests="1" name="automationCases.QueryBuilder" time="58.120" errors="0" timestamp="2022-08-12T15:02:24 PKT" skipped="0">
  <testcase classname="automationCases.QueryBuilder" name="FWA_QueryBuilder_003" time="58.120"/>
  <system-out/>
</testsuite> <!-- automationCases.QueryBuilder -->
