<?xml version="1.0" encoding="UTF-8"?>
<!-- Generated by org.testng.reporters.JUnitReportReporter -->
<testsuite hostname="AA-CLM-25" failures="0" tests="1" name="automationCases.Models" time="174.640" errors="0" timestamp="2022-08-30T11:55:01 PKT" skipped="0">
  <testcase classname="automationCases.Models" name="FWA_Model_006" time="174.640"/>
  <system-out/>
</testsuite> <!-- automationCases.Models -->
