<?xml version="1.0" encoding="UTF-8"?>
<!-- Generated by org.testng.reporters.JUnitReportReporter -->
<testsuite skipped="0" hostname="Faisal" name="automationCases.Charting" tests="1" failures="0" timestamp="2022-05-09T16:26:58 PKT" time="39.295" errors="0">
  <testcase name="FWA_CreateTestData_001" time="39.295" classname="automationCases.Charting"/>
  <system-out/>
</testsuite> <!-- automationCases.Charting -->
