<?xml version="1.0" encoding="UTF-8"?>
<!-- Generated by org.testng.reporters.JUnitReportReporter -->
<testsuite skipped="0" hostname="Faisal" name="automationCases.Dashboard" tests="1" failures="0" timestamp="2022-06-03T19:30:36 PKT" time="107.705" errors="0">
  <testcase name="FWA_Dashboard_001" time="107.705" classname="automationCases.Dashboard"/>
  <system-out/>
</testsuite> <!-- automationCases.Dashboard -->
