<?xml version="1.0" encoding="UTF-8"?>
<!-- Generated by org.testng.reporters.JUnitReportReporter -->
<testsuite skipped="0" hostname="Faisal" name="automationCases.Ranking" tests="1" failures="0" timestamp="2022-05-09T16:26:58 PKT" time="37.782" errors="0">
  <testcase name="FWA_Ranking_001" time="37.782" classname="automationCases.Ranking"/>
  <system-out/>
</testsuite> <!-- automationCases.Ranking -->
