<?xml version="1.0" encoding="UTF-8"?>
<!-- Generated by org.testng.reporters.JUnitReportReporter -->
<testsuite skipped="0" hostname="Faisal" name="automationCases.Projects" tests="2" failures="0" timestamp="2022-04-08T13:10:14 PKT" time="77.621" errors="0">
  <testcase name="FWA_Project_001" time="53.125" classname="automationCases.Projects"/>
  <system-out/>
  <testcase name="FWA_Project_003" time="24.496" classname="automationCases.Projects"/>
  <system-out/>
</testsuite> <!-- automationCases.Projects -->
