<?xml version="1.0" encoding="UTF-8"?>
<!-- Generated by org.testng.reporters.JUnitReportReporter -->
<testsuite skipped="0" hostname="Faisal" name="configuration.Configuration" tests="2" failures="0" timestamp="2022-03-04T19:17:12 PKT" time="15.813" errors="0">
  <testcase name="LoginApplication" time="13.256" classname="configuration.Configuration"/>
  <system-out/>
  <testcase name="BConfiguration" time="2.557" classname="configuration.Configuration"/>
  <system-out/>
</testsuite> <!-- configuration.Configuration -->
