<?xml version="1.0" encoding="UTF-8"?>
<!-- Generated by org.testng.reporters.JUnitReportReporter -->
<testsuite skipped="1" hostname="Faisal" name="automationCases.Dashboard" tests="1" failures="0" timestamp="2022-05-09T18:59:07 PKT" time="0.000" errors="0">
  <testcase name="FWA_Dashboard_001" time="0.000" classname="automationCases.Dashboard">
    <skipped/>
  </testcase> <!-- FWA_Dashboard_001 -->
  <system-out/>
</testsuite> <!-- automationCases.Dashboard -->
