<?xml version="1.0" encoding="UTF-8"?>
<!-- Generated by org.testng.reporters.JUnitReportReporter -->
<testsuite skipped="0" hostname="Faisal" name="automationCases.CreateTestData" tests="5" failures="0" timestamp="2022-04-05T12:44:41 PKT" time="195.810" errors="0">
  <testcase name="FWA_CreateTestData_001" time="72.322" classname="automationCases.CreateTestData"/>
  <system-out/>
  <testcase name="FWA_CreateTestData_002" time="31.976" classname="automationCases.CreateTestData"/>
  <system-out/>
  <testcase name="FWA_CreateTestData_003" time="34.046" classname="automationCases.CreateTestData"/>
  <system-out/>
  <testcase name="FWA_CreateTestData_004" time="34.366" classname="automationCases.CreateTestData"/>
  <system-out/>
  <testcase name="FWA_CreateTestData_005" time="23.100" classname="automationCases.CreateTestData"/>
  <system-out/>
</testsuite> <!-- automationCases.CreateTestData -->
