<?xml version="1.0" encoding="UTF-8"?>
<!-- Generated by org.testng.reporters.JUnitReportReporter -->
<testsuite skipped="0" hostname="Faisal" name="automationCases.Models" tests="4" failures="0" timestamp="2022-06-21T18:15:56 PKT" time="194.251" errors="0">
  <testcase name="FWA_Model_002" time="37.663" classname="automationCases.Models"/>
  <system-out/>
  <testcase name="FWA_Model_003" time="37.505" classname="automationCases.Models"/>
  <system-out/>
  <testcase name="FWA_Model_005" time="59.201" classname="automationCases.Models"/>
  <system-out/>
  <testcase name="FWA_Model_004" time="59.882" classname="automationCases.Models"/>
  <system-out/>
</testsuite> <!-- automationCases.Models -->
