<?xml version="1.0" encoding="UTF-8"?>
<!-- Generated by org.testng.reporters.JUnitReportReporter -->
<testsuite skipped="0" hostname="Faisal" name="automationCases.DataSource" tests="1" failures="0" timestamp="2022-05-09T16:26:58 PKT" time="62.358" errors="0">
  <testcase name="FWA_DataSource_001" time="62.358" classname="automationCases.DataSource"/>
  <system-out/>
</testsuite> <!-- automationCases.DataSource -->
