<?xml version="1.0" encoding="UTF-8"?>
<!-- Generated by org.testng.reporters.JUnitReportReporter -->
<testsuite skipped="0" hostname="Faisal" name="automationCases.Ranking" tests="1" failures="0" timestamp="2022-04-08T13:10:14 PKT" time="34.916" errors="0">
  <testcase name="FWA_Ranking_001" time="34.916" classname="automationCases.Ranking"/>
  <system-out/>
</testsuite> <!-- automationCases.Ranking -->
