<?xml version="1.0" encoding="UTF-8"?>
<!-- Generated by org.testng.reporters.JUnitReportReporter -->
<testsuite hostname="AA-CLM-25" failures="0" tests="1" name="automationCases.UserManagement" time="210.416" errors="0" timestamp="2022-09-01T12:58:13 PKT" skipped="0">
  <testcase classname="automationCases.UserManagement" name="FWA_UserManagement_001" time="210.416"/>
  <system-out/>
</testsuite> <!-- automationCases.UserManagement -->
