<?xml version="1.0" encoding="UTF-8"?>
<!-- Generated by org.testng.reporters.JUnitReportReporter -->
<testsuite skipped="0" hostname="Faisal" name="automationCases.Models" tests="1" failures="0" timestamp="2022-05-09T16:26:58 PKT" time="37.374" errors="0">
  <testcase name="FWA_Model_003" time="37.374" classname="automationCases.Models"/>
  <system-out/>
</testsuite> <!-- automationCases.Models -->
