<?xml version="1.0" encoding="UTF-8"?>
<!-- Generated by org.testng.reporters.JUnitReportReporter -->
<testsuite hostname="AA-CLM-22" failures="0" tests="4" name="automationCases.Models" time="151.909" errors="0" timestamp="2022-07-06T19:57:20 PKT" skipped="0">
  <testcase classname="automationCases.Models" name="FWA_Model_002" time="32.311"/>
  <system-out/>
  <testcase classname="automationCases.Models" name="FWA_Model_003" time="38.997"/>
  <system-out/>
  <testcase classname="automationCases.Models" name="FWA_Model_004" time="40.472"/>
  <system-out/>
  <testcase classname="automationCases.Models" name="FWA_Model_005" time="40.129"/>
  <system-out/>
</testsuite> <!-- automationCases.Models -->
