<?xml version="1.0" encoding="UTF-8"?>
<!-- Generated by org.testng.reporters.JUnitReportReporter -->
<testsuite hostname="AA-CLM-22" failures="0" tests="1" name="automationCases.QueryBuilder" time="101.095" errors="0" timestamp="2022-08-22T16:55:35 PKT" skipped="0">
  <testcase classname="automationCases.QueryBuilder" name="FWA_QueryBuilder_004" time="101.095"/>
  <system-out/>
</testsuite> <!-- automationCases.QueryBuilder -->
