<?xml version="1.0" encoding="UTF-8"?>
<!-- Generated by org.testng.reporters.JUnitReportReporter -->
<testsuite hostname="aaqaapp01-vm" failures="0" tests="1" name="automationCases.UserManagement" time="30.776" errors="0" timestamp="2022-08-31T14:00:58 UTC" skipped="0">
  <testcase classname="automationCases.UserManagement" name="FWA_UserManagement_007" time="30.776"/>
  <system-out/>
</testsuite> <!-- automationCases.UserManagement -->
