<?xml version="1.0" encoding="UTF-8"?>
<!-- Generated by org.testng.reporters.JUnitReportReporter -->
<testsuite skipped="0" hostname="Faisal" name="automationCases.Models$Charting" tests="1" failures="0" timestamp="2022-04-04T16:16:07 PKT" time="20.770" errors="0">
  <testcase name="FWA_Model_001" time="20.770" classname="automationCases.Models$Charting"/>
  <system-out/>
</testsuite> <!-- automationCases.Models$Charting -->
